<?xml version="1.0" encoding="UTF-8"?>
<testng-results ignored="0" total="1" passed="1" failed="0" skipped="0">
  <reporter-output>
  </reporter-output>
  <suite started-at="2024-05-10T00:27:05 IST" name="Default suite" finished-at="2024-05-10T00:31:04 IST" duration-ms="239382">
    <groups>
    </groups>
    <test started-at="2024-05-10T00:27:05 IST" name="Default test" finished-at="2024-05-10T00:31:04 IST" duration-ms="239382">
      <class name="UI_Testing.UITesting">
        <test-method signature="UITestUrl()[pri:0, instance:UI_Testing.UITesting@13fd2ccd]" started-at="2024-05-10T00:27:05 IST" name="UITestUrl" finished-at="2024-05-10T00:31:04 IST" duration-ms="239190" status="PASS">
          <reporter-output>
          </reporter-output>
        </test-method> <!-- UITestUrl -->
      </class> <!-- UI_Testing.UITesting -->
    </test> <!-- Default test -->
  </suite> <!-- Default suite -->
</testng-results>
